<?xml version="1.0" encoding="UTF-8" ?>
<testsuite errors="1" failures="0" hostname="ubuntu-info-19" name="com.rpouiller.TestThrowable" skipped="0" tests="1" time="0.0" timestamp="2019-09-13T10:09:52">
  <properties>
    <property name="sun.desktop" value="gnome" />
    <property name="ant.library.dir" value="/usr/share/ant/lib" />
    <property name="awt.toolkit" value="sun.awt.X11.XToolkit" />
    <property name="ant.file.type" value="file" />
    <property name="http.proxyHost" value="proxyetu.iut-nantes.univ-nantes.prive" />
    <property name="java.specification.version" value="12" />
    <property name="ant.project.name" value="Operations" />
    <property name="ant.file.type.Operations" value="file" />
    <property name="sun.jnu.encoding" value="UTF-8" />
    <property name="java.class.path" value="/home/e174924k/Réseau/Perso/Documents/LPMiar/Outils Dev/lp_od_ant/bucco_roba/lib/hamcrest-core-1.3.jar:/home/e174924k/Réseau/Perso/Documents/LPMiar/Outils Dev/lp_od_ant/bucco_roba/lib/junit-4.5.jar:/home/e174924k/Réseau/Perso/Documents/LPMiar/Outils Dev/lp_od_ant/bucco_roba/lib/log4j-1.2-api-2.6.2.jar:/home/e174924k/Réseau/Perso/Documents/LPMiar/Outils Dev/lp_od_ant/bucco_roba/lib/log4j-api-2.6.2.jar:/home/e174924k/Réseau/Perso/Documents/LPMiar/Outils Dev/lp_od_ant/bucco_roba/lib/log4j-core-2.6.2.jar:/home/e174924k/Réseau/Perso/Documents/LPMiar/Outils Dev/lp_od_ant/bucco_roba/build/jar/Operations.jar:/usr/share/ant/lib/junit.jar:/usr/share/java/ant-launcher-1.10.5.jar:/usr/share/ant/lib/ant.jar:/usr/share/ant/lib/ant-junit.jar:/usr/share/ant/lib/ant-junit4.jar" />
    <property name="java.vm.vendor" value="Oracle Corporation" />
    <property name="jar.dir" value="build/jar" />
    <property name="sun.arch.data.model" value="64" />
    <property name="main-class" value="com.rpouiller.Operations" />
    <property name="java.vendor.url" value="https://java.oracle.com/" />
    <property name="java.vm.specification.version" value="12" />
    <property name="os.name" value="Linux" />
    <property name="test-classes.dir" value="build/test-classes" />
    <property name="sun.java.launcher" value="SUN_STANDARD" />
    <property name="user.country" value="FR" />
    <property name="sun.boot.library.path" value="/usr/lib/jvm/jdk-12.0.1/lib" />
    <property name="sun.java.command" value="org.apache.tools.ant.taskdefs.optional.junit.JUnitTestRunner com.rpouiller.TestThrowable skipNonTests=false filtertrace=true haltOnError=false haltOnFailure=false formatter=org.apache.tools.ant.taskdefs.optional.junit.SummaryJUnitResultFormatter showoutput=false outputtoformatters=true logfailedtests=true threadid=0 logtestlistenerevents=false formatter=org.apache.tools.ant.taskdefs.optional.junit.XMLJUnitResultFormatter,/home/e174924k/Réseau/Perso/Documents/LPMiar/Outils Dev/lp_od_ant/bucco_roba/build/junittest/TEST-com.rpouiller.TestThrowable.xml crashfile=/home/e174924k/Réseau/Perso/Documents/LPMiar/Outils Dev/lp_od_ant/bucco_roba/junitvmwatcher4928700255623621036.properties propsfile=/home/e174924k/Réseau/Perso/Documents/LPMiar/Outils Dev/lp_od_ant/bucco_roba/junit16775467050508401010.properties" />
    <property name="jdk.debug" value="release" />
    <property name="sun.cpu.endian" value="little" />
    <property name="test.dir" value="test" />
    <property name="user.home" value="/home/e174924k" />
    <property name="user.language" value="fr" />
    <property name="java.specification.vendor" value="Oracle Corporation" />
    <property name="java.version.date" value="2019-04-16" />
    <property name="java.home" value="/usr/lib/jvm/jdk-12.0.1" />
    <property name="basedir" value="/home/e174924k/Réseau/Perso/Documents/LPMiar/Outils Dev/lp_od_ant/bucco_roba" />
    <property name="file.separator" value="/" />
    <property name="java.vm.compressedOopsMode" value="32-bit" />
    <property name="line.separator" value="&#xa;" />
    <property name="ant.java.version" value="12" />
    <property name="java.vm.specification.vendor" value="Oracle Corporation" />
    <property name="java.specification.name" value="Java Platform API Specification" />
    <property name="java.awt.graphicsenv" value="sun.awt.X11GraphicsEnvironment" />
    <property name="sun.management.compiler" value="HotSpot 64-Bit Tiered Compilers" />
    <property name="java.runtime.version" value="12.0.1+12" />
    <property name="user.name" value="e174924k" />
    <property name="ant.file" value="/home/e174924k/Réseau/Perso/Documents/LPMiar/Outils Dev/lp_od_ant/bucco_roba/build.xml" />
    <property name="path.separator" value=":" />
    <property name="os.version" value="5.0.0-27-generic" />
    <property name="junitreport.dir" value="build/junitreport" />
    <property name="test.failed" value="true" />
    <property name="java.runtime.name" value="Java(TM) SE Runtime Environment" />
    <property name="file.encoding" value="UTF-8" />
    <property name="ant.project.invoked-targets" value="junitreport" />
    <property name="java.vm.name" value="Java HotSpot(TM) 64-Bit Server VM" />
    <property name="ant.core.lib" value="/usr/share/ant/lib/ant.jar" />
    <property name="ant.file.Operations" value="/home/e174924k/Réseau/Perso/Documents/LPMiar/Outils Dev/lp_od_ant/bucco_roba/build.xml" />
    <property name="build.dir" value="build" />
    <property name="java.vendor.url.bug" value="https://bugreport.java.com/bugreport/" />
    <property name="java.io.tmpdir" value="/tmp" />
    <property name="java.version" value="12.0.1" />
    <property name="user.dir" value="/home/e174924k/Réseau/Perso/Documents/LPMiar/Outils Dev/lp_od_ant/bucco_roba" />
    <property name="os.arch" value="amd64" />
    <property name="java.vm.specification.name" value="Java Virtual Machine Specification" />
    <property name="ant.home" value="/usr/share/ant" />
    <property name="lib.dir" value="lib" />
    <property name="ant.version" value="Apache Ant(TM) version 1.10.5 compiled on March 28 2019" />
    <property name="java.library.path" value="/usr/java/packages/lib:/usr/lib64:/lib64:/lib:/usr/lib" />
    <property name="junittest.dir" value="build/junittest" />
    <property name="java.vendor" value="Oracle Corporation" />
    <property name="java.vm.info" value="mixed mode, sharing" />
    <property name="java.vm.version" value="12.0.1+12" />
    <property name="classes.dir" value="build/classes" />
    <property name="sun.io.unicode.encoding" value="UnicodeLittle" />
    <property name="java.class.version" value="56.0" />
    <property name="src.dir" value="src" />
    <property name="http.proxyPort" value="3128" />
    <property name="ant.project.default-target" value="main" />
  </properties>
  <error message="com.rpouiller.TestThrowable" type="java.lang.ClassNotFoundException">java.lang.ClassNotFoundException: com.rpouiller.TestThrowable
	at java.base/jdk.internal.loader.BuiltinClassLoader.loadClass(BuiltinClassLoader.java:583)
	at java.base/jdk.internal.loader.ClassLoaders$AppClassLoader.loadClass(ClassLoaders.java:178)
	at java.base/java.lang.ClassLoader.loadClass(ClassLoader.java:521)
	at java.base/java.lang.Class.forName0(Native Method)
	at java.base/java.lang.Class.forName(Class.java:415)
</error>
  <system-out><![CDATA[]]></system-out>
  <system-err><![CDATA[]]></system-err>
</testsuite>
